<?xml version="1.0" encoding="UTF-8"?>
<testng-results skipped="0" failed="1" ignored="0" total="7" passed="6">
  <reporter-output>
  </reporter-output>
  <suite name="Main Test Suite" duration-ms="63994" started-at="2019-12-02T11:00:02Z" finished-at="2019-12-02T11:01:06Z">
    <groups>
    </groups>
    <test name="Extent Report Test" duration-ms="63994" started-at="2019-12-02T11:00:02Z" finished-at="2019-12-02T11:01:06Z">
      <class name="module_pages.TemplateCreation">
        <test-method status="PASS" signature="beforeSuite()[pri:0, instance:module_pages.TemplateCreation@553f17c]" name="beforeSuite" is-config="true" duration-ms="961" started-at="2019-12-02T11:00:01Z" finished-at="2019-12-02T11:00:02Z">
          <reporter-output>
          </reporter-output>
        </test-method> <!-- beforeSuite -->
        <test-method status="PASS" signature="beforeClass()[pri:0, instance:module_pages.TemplateCreation@553f17c]" name="beforeClass" is-config="true" duration-ms="9197" started-at="2019-12-02T11:00:02Z" finished-at="2019-12-02T11:00:11Z">
          <reporter-output>
          </reporter-output>
        </test-method> <!-- beforeClass -->
        <test-method status="PASS" signature="login_system()[pri:0, instance:module_pages.TemplateCreation@553f17c]" name="login_system" duration-ms="4246" started-at="2019-12-02T11:00:12Z" finished-at="2019-12-02T11:00:16Z">
          <reporter-output>
          </reporter-output>
        </test-method> <!-- login_system -->
        <test-method status="PASS" signature="teardown(org.testng.ITestResult)[pri:0, instance:module_pages.TemplateCreation@553f17c]" name="teardown" is-config="true" duration-ms="1115" started-at="2019-12-02T11:00:16Z" finished-at="2019-12-02T11:00:17Z">
          <params>
            <param index="0">
              <value>
                <![CDATA[[TestResult name=login_system status=SUCCESS method=Baseclass.login_system()[pri:0, instance:module_pages.TemplateCreation@553f17c] output={null}]]]>
              </value>
            </param>
          </params>
          <reporter-output>
          </reporter-output>
        </test-method> <!-- teardown -->
        <test-method status="PASS" signature="self_issue_template()[pri:1, instance:module_pages.TemplateCreation@553f17c]" name="self_issue_template" duration-ms="7670" started-at="2019-12-02T11:00:17Z" finished-at="2019-12-02T11:00:25Z">
          <reporter-output>
          </reporter-output>
        </test-method> <!-- self_issue_template -->
        <test-method status="PASS" signature="teardown(org.testng.ITestResult)[pri:0, instance:module_pages.TemplateCreation@553f17c]" name="teardown" is-config="true" duration-ms="88" started-at="2019-12-02T11:00:25Z" finished-at="2019-12-02T11:00:25Z">
          <params>
            <param index="0">
              <value>
                <![CDATA[[TestResult name=self_issue_template status=SUCCESS method=TemplateCreation.self_issue_template()[pri:1, instance:module_pages.TemplateCreation@553f17c] output={null}]]]>
              </value>
            </param>
          </params>
          <reporter-output>
          </reporter-output>
        </test-method> <!-- teardown -->
        <test-method status="PASS" signature="setting_tab_fields()[pri:2, instance:module_pages.TemplateCreation@553f17c]" name="setting_tab_fields" duration-ms="4407" started-at="2019-12-02T11:00:25Z" finished-at="2019-12-02T11:00:29Z">
          <reporter-output>
          </reporter-output>
        </test-method> <!-- setting_tab_fields -->
        <test-method status="PASS" signature="teardown(org.testng.ITestResult)[pri:0, instance:module_pages.TemplateCreation@553f17c]" name="teardown" is-config="true" duration-ms="61" started-at="2019-12-02T11:00:29Z" finished-at="2019-12-02T11:00:29Z">
          <params>
            <param index="0">
              <value>
                <![CDATA[[TestResult name=setting_tab_fields status=SUCCESS method=TemplateCreation.setting_tab_fields()[pri:2, instance:module_pages.TemplateCreation@553f17c] output={null}]]]>
              </value>
            </param>
          </params>
          <reporter-output>
          </reporter-output>
        </test-method> <!-- teardown -->
        <test-method status="PASS" signature="card_design_tab()[pri:3, instance:module_pages.TemplateCreation@553f17c]" name="card_design_tab" duration-ms="4038" started-at="2019-12-02T11:00:29Z" finished-at="2019-12-02T11:00:33Z">
          <reporter-output>
          </reporter-output>
        </test-method> <!-- card_design_tab -->
        <test-method status="PASS" signature="teardown(org.testng.ITestResult)[pri:0, instance:module_pages.TemplateCreation@553f17c]" name="teardown" is-config="true" duration-ms="61" started-at="2019-12-02T11:00:33Z" finished-at="2019-12-02T11:00:33Z">
          <params>
            <param index="0">
              <value>
                <![CDATA[[TestResult name=card_design_tab status=SUCCESS method=TemplateCreation.card_design_tab()[pri:3, instance:module_pages.TemplateCreation@553f17c] output={null}]]]>
              </value>
            </param>
          </params>
          <reporter-output>
          </reporter-output>
        </test-method> <!-- teardown -->
        <test-method status="PASS" signature="card_Fields_tab()[pri:4, instance:module_pages.TemplateCreation@553f17c]" name="card_Fields_tab" duration-ms="16859" started-at="2019-12-02T11:00:33Z" finished-at="2019-12-02T11:00:50Z">
          <reporter-output>
          </reporter-output>
        </test-method> <!-- card_Fields_tab -->
        <test-method status="PASS" signature="teardown(org.testng.ITestResult)[pri:0, instance:module_pages.TemplateCreation@553f17c]" name="teardown" is-config="true" duration-ms="60" started-at="2019-12-02T11:00:50Z" finished-at="2019-12-02T11:00:50Z">
          <params>
            <param index="0">
              <value>
                <![CDATA[[TestResult name=card_Fields_tab status=SUCCESS method=TemplateCreation.card_Fields_tab()[pri:4, instance:module_pages.TemplateCreation@553f17c] output={null}]]]>
              </value>
            </param>
          </params>
          <reporter-output>
          </reporter-output>
        </test-method> <!-- teardown -->
        <test-method status="PASS" signature="card_barcode_tab()[pri:5, instance:module_pages.TemplateCreation@553f17c]" name="card_barcode_tab" duration-ms="5416" started-at="2019-12-02T11:00:50Z" finished-at="2019-12-02T11:00:56Z">
          <reporter-output>
          </reporter-output>
        </test-method> <!-- card_barcode_tab -->
        <test-method status="PASS" signature="teardown(org.testng.ITestResult)[pri:0, instance:module_pages.TemplateCreation@553f17c]" name="teardown" is-config="true" duration-ms="58" started-at="2019-12-02T11:00:56Z" finished-at="2019-12-02T11:00:56Z">
          <params>
            <param index="0">
              <value>
                <![CDATA[[TestResult name=card_barcode_tab status=SUCCESS method=TemplateCreation.card_barcode_tab()[pri:5, instance:module_pages.TemplateCreation@553f17c] output={null}]]]>
              </value>
            </param>
          </params>
          <reporter-output>
          </reporter-output>
        </test-method> <!-- teardown -->
        <test-method status="FAIL" signature="card_Issucance_tab()[pri:6, instance:module_pages.TemplateCreation@553f17c]" name="card_Issucance_tab" duration-ms="5092" started-at="2019-12-02T11:00:56Z" finished-at="2019-12-02T11:01:01Z">
          <exception class="org.openqa.selenium.NoSuchElementException">
            <message>
              <![CDATA[no such element: Unable to locate element: {"method":"id","selector":"//label[contains(text(),'Self-Issued')]"}
  (Session info: chrome=74.0.3729.108)
  (Driver info: chromedriver=74.0.3729.6 (255758eccf3d244491b8a1317aa76e1ce10d57e9-refs/branch-heads/3729@{#29}),platform=Linux 4.15.0-34-generic x86_64) (WARNING: The server did not provide any stacktrace information)
Command duration or timeout: 0 milliseconds
For documentation on this error, please visit: https://www.seleniumhq.org/exceptions/no_such_element.html
Build info: version: '3.141.59', revision: 'e82be7d358', time: '2018-11-14T08:17:03'
System info: host: 'SKYCORE-25', ip: '127.0.1.1', os.name: 'Linux', os.arch: 'amd64', os.version: '4.15.0-34-generic', java.version: '1.8.0_222'
Driver info: org.openqa.selenium.chrome.ChromeDriver
Capabilities {acceptInsecureCerts: false, acceptSslCerts: false, applicationCacheEnabled: false, browserConnectionEnabled: false, browserName: chrome, chrome: {chromedriverVersion: 74.0.3729.6 (255758eccf3d24..., userDataDir: /tmp/.com.google.Chrome.LiMhXc}, cssSelectorsEnabled: true, databaseEnabled: false, goog:chromeOptions: {debuggerAddress: localhost:32899}, handlesAlerts: true, hasTouchScreen: false, javascriptEnabled: true, locationContextEnabled: true, mobileEmulationEnabled: false, nativeEvents: true, networkConnectionEnabled: false, pageLoadStrategy: normal, platform: LINUX, platformName: LINUX, proxy: Proxy(), rotatable: false, setWindowRect: true, strictFileInteractability: false, takesHeapSnapshot: true, takesScreenshot: true, timeouts: {implicit: 0, pageLoad: 300000, script: 30000}, unexpectedAlertBehaviour: ignore, unhandledPromptBehavior: ignore, version: 74.0.3729.108, webStorageEnabled: true}
Session ID: b96bfed0817f8e951ba4d3457b7b1113
*** Element info: {Using=id, value=//label[contains(text(),'Self-Issued')]}]]>
            </message>
            <full-stacktrace>
              <![CDATA[org.openqa.selenium.NoSuchElementException: no such element: Unable to locate element: {"method":"id","selector":"//label[contains(text(),'Self-Issued')]"}
  (Session info: chrome=74.0.3729.108)
  (Driver info: chromedriver=74.0.3729.6 (255758eccf3d244491b8a1317aa76e1ce10d57e9-refs/branch-heads/3729@{#29}),platform=Linux 4.15.0-34-generic x86_64) (WARNING: The server did not provide any stacktrace information)
Command duration or timeout: 0 milliseconds
For documentation on this error, please visit: https://www.seleniumhq.org/exceptions/no_such_element.html
Build info: version: '3.141.59', revision: 'e82be7d358', time: '2018-11-14T08:17:03'
System info: host: 'SKYCORE-25', ip: '127.0.1.1', os.name: 'Linux', os.arch: 'amd64', os.version: '4.15.0-34-generic', java.version: '1.8.0_222'
Driver info: org.openqa.selenium.chrome.ChromeDriver
Capabilities {acceptInsecureCerts: false, acceptSslCerts: false, applicationCacheEnabled: false, browserConnectionEnabled: false, browserName: chrome, chrome: {chromedriverVersion: 74.0.3729.6 (255758eccf3d24..., userDataDir: /tmp/.com.google.Chrome.LiMhXc}, cssSelectorsEnabled: true, databaseEnabled: false, goog:chromeOptions: {debuggerAddress: localhost:32899}, handlesAlerts: true, hasTouchScreen: false, javascriptEnabled: true, locationContextEnabled: true, mobileEmulationEnabled: false, nativeEvents: true, networkConnectionEnabled: false, pageLoadStrategy: normal, platform: LINUX, platformName: LINUX, proxy: Proxy(), rotatable: false, setWindowRect: true, strictFileInteractability: false, takesHeapSnapshot: true, takesScreenshot: true, timeouts: {implicit: 0, pageLoad: 300000, script: 30000}, unexpectedAlertBehaviour: ignore, unhandledPromptBehavior: ignore, version: 74.0.3729.108, webStorageEnabled: true}
Session ID: b96bfed0817f8e951ba4d3457b7b1113
*** Element info: {Using=id, value=//label[contains(text(),'Self-Issued')]}
at sun.reflect.NativeConstructorAccessorImpl.newInstance0(Native Method)
at sun.reflect.NativeConstructorAccessorImpl.newInstance(NativeConstructorAccessorImpl.java:62)
at sun.reflect.DelegatingConstructorAccessorImpl.newInstance(DelegatingConstructorAccessorImpl.java:45)
at java.lang.reflect.Constructor.newInstance(Constructor.java:423)
at org.openqa.selenium.remote.ErrorHandler.createThrowable(ErrorHandler.java:214)
at org.openqa.selenium.remote.ErrorHandler.throwIfResponseFailed(ErrorHandler.java:166)
at org.openqa.selenium.remote.http.JsonHttpResponseCodec.reconstructValue(JsonHttpResponseCodec.java:40)
at org.openqa.selenium.remote.http.AbstractHttpResponseCodec.decode(AbstractHttpResponseCodec.java:80)
at org.openqa.selenium.remote.http.AbstractHttpResponseCodec.decode(AbstractHttpResponseCodec.java:44)
at org.openqa.selenium.remote.HttpCommandExecutor.execute(HttpCommandExecutor.java:158)
at org.openqa.selenium.remote.service.DriverCommandExecutor.execute(DriverCommandExecutor.java:83)
at org.openqa.selenium.remote.RemoteWebDriver.execute(RemoteWebDriver.java:552)
at org.openqa.selenium.remote.RemoteWebDriver.findElement(RemoteWebDriver.java:323)
at org.openqa.selenium.remote.RemoteWebDriver.findElementById(RemoteWebDriver.java:372)
at org.openqa.selenium.By$ById.findElement(By.java:188)
at org.openqa.selenium.remote.RemoteWebDriver.findElement(RemoteWebDriver.java:315)
at module_pages.TemplateCreation.card_Issucance_tab(TemplateCreation.java:209)
at sun.reflect.NativeMethodAccessorImpl.invoke0(Native Method)
at sun.reflect.NativeMethodAccessorImpl.invoke(NativeMethodAccessorImpl.java:62)
at sun.reflect.DelegatingMethodAccessorImpl.invoke(DelegatingMethodAccessorImpl.java:43)
at java.lang.reflect.Method.invoke(Method.java:498)
at org.testng.internal.MethodInvocationHelper.invokeMethod(MethodInvocationHelper.java:124)
at org.testng.internal.Invoker.invokeMethod(Invoker.java:583)
at org.testng.internal.Invoker.invokeTestMethod(Invoker.java:719)
at org.testng.internal.Invoker.invokeTestMethods(Invoker.java:989)
at org.testng.internal.TestMethodWorker.invokeTestMethods(TestMethodWorker.java:125)
at org.testng.internal.TestMethodWorker.run(TestMethodWorker.java:109)
at org.testng.TestRunner.privateRun(TestRunner.java:648)
at org.testng.TestRunner.run(TestRunner.java:505)
at org.testng.SuiteRunner.runTest(SuiteRunner.java:455)
at org.testng.SuiteRunner.runSequentially(SuiteRunner.java:450)
at org.testng.SuiteRunner.privateRun(SuiteRunner.java:415)
at org.testng.SuiteRunner.run(SuiteRunner.java:364)
at org.testng.SuiteRunnerWorker.runSuite(SuiteRunnerWorker.java:52)
at org.testng.SuiteRunnerWorker.run(SuiteRunnerWorker.java:84)
at org.testng.TestNG.runSuitesSequentially(TestNG.java:1208)
at org.testng.TestNG.runSuitesLocally(TestNG.java:1137)
at org.testng.TestNG.runSuites(TestNG.java:1049)
at org.testng.TestNG.run(TestNG.java:1017)
at org.testng.remote.AbstractRemoteTestNG.run(AbstractRemoteTestNG.java:114)
at org.testng.remote.RemoteTestNG.initAndRun(RemoteTestNG.java:251)
at org.testng.remote.RemoteTestNG.main(RemoteTestNG.java:77)
]]>
            </full-stacktrace>
          </exception> <!-- org.openqa.selenium.NoSuchElementException -->
          <reporter-output>
          </reporter-output>
        </test-method> <!-- card_Issucance_tab -->
        <test-method status="PASS" signature="teardown(org.testng.ITestResult)[pri:0, instance:module_pages.TemplateCreation@553f17c]" name="teardown" is-config="true" duration-ms="42" started-at="2019-12-02T11:01:01Z" finished-at="2019-12-02T11:01:01Z">
          <params>
            <param index="0">
              <value>
                <![CDATA[[TestResult name=card_Issucance_tab status=FAILURE method=TemplateCreation.card_Issucance_tab()[pri:6, instance:module_pages.TemplateCreation@553f17c] output={null}]]]>
              </value>
            </param>
          </params>
          <reporter-output>
          </reporter-output>
        </test-method> <!-- teardown -->
        <test-method status="PASS" signature="closebrowser()[pri:0, instance:module_pages.TemplateCreation@553f17c]" name="closebrowser" is-config="true" duration-ms="5536" started-at="2019-12-02T11:01:01Z" finished-at="2019-12-02T11:01:06Z">
          <reporter-output>
          </reporter-output>
        </test-method> <!-- closebrowser -->
      </class> <!-- module_pages.TemplateCreation -->
    </test> <!-- Extent Report Test -->
  </suite> <!-- Main Test Suite -->
</testng-results>
