<?xml version="1.0" encoding="UTF-8"?>
<!-- Generated by org.testng.reporters.JUnitReportReporter -->
<testsuite skipped="0" hostname="SKYCORE-25" name="module_pages.VerifyLink" tests="11" failures="0" timestamp="04 Sep 2019 14:31:31 GMT" time="27.573" errors="1">
  <testcase name="login_system" time="4.853" classname="module_pages.VerifyLink"/>
  <testcase name="verfiy_page_details" time="0.183" classname="module_pages.VerifyLink"/>
  <testcase name="verify_pages_idphoto_page" time="1.017" classname="module_pages.VerifyLink"/>
  <testcase name="verify_pages_cardtempaltebuilder_page" time="10.128" classname="module_pages.VerifyLink"/>
  <testcase name="verify_cardRenew" time="0.951" classname="module_pages.VerifyLink"/>
  <testcase name="verify_data_sync" time="0.678" classname="module_pages.VerifyLink">
    <error type="java.lang.ClassCastException" message="org.openqa.selenium.remote.RemoteWebElement cannot be cast to org.openqa.selenium.By">
      <![CDATA[java.lang.ClassCastException: org.openqa.selenium.remote.RemoteWebElement cannot be cast to org.openqa.selenium.By
at module_pages.VerifyLink.verify_data_sync(VerifyLink.java:85)
at sun.reflect.NativeMethodAccessorImpl.invoke0(Native Method)
at sun.reflect.NativeMethodAccessorImpl.invoke(NativeMethodAccessorImpl.java:62)
at sun.reflect.DelegatingMethodAccessorImpl.invoke(DelegatingMethodAccessorImpl.java:43)
at java.lang.reflect.Method.invoke(Method.java:498)
at org.testng.internal.MethodInvocationHelper.invokeMethod(MethodInvocationHelper.java:124)
at org.testng.internal.Invoker.invokeMethod(Invoker.java:583)
at org.testng.internal.Invoker.invokeTestMethod(Invoker.java:719)
at org.testng.internal.Invoker.invokeTestMethods(Invoker.java:989)
at org.testng.internal.TestMethodWorker.invokeTestMethods(TestMethodWorker.java:125)
at org.testng.internal.TestMethodWorker.run(TestMethodWorker.java:109)
at org.testng.TestRunner.privateRun(TestRunner.java:648)
at org.testng.TestRunner.run(TestRunner.java:505)
at org.testng.SuiteRunner.runTest(SuiteRunner.java:455)
at org.testng.SuiteRunner.runSequentially(SuiteRunner.java:450)
at org.testng.SuiteRunner.privateRun(SuiteRunner.java:415)
at org.testng.SuiteRunner.run(SuiteRunner.java:364)
at org.testng.SuiteRunnerWorker.runSuite(SuiteRunnerWorker.java:52)
at org.testng.SuiteRunnerWorker.run(SuiteRunnerWorker.java:84)
at org.testng.TestNG.runSuitesSequentially(TestNG.java:1208)
at org.testng.TestNG.runSuitesLocally(TestNG.java:1137)
at org.testng.TestNG.runSuites(TestNG.java:1049)
at org.testng.TestNG.run(TestNG.java:1017)
at org.testng.remote.AbstractRemoteTestNG.run(AbstractRemoteTestNG.java:114)
at org.testng.remote.RemoteTestNG.initAndRun(RemoteTestNG.java:251)
at org.testng.remote.RemoteTestNG.main(RemoteTestNG.java:77)
]]>
    </error>
  </testcase> <!-- verify_data_sync -->
  <testcase name="Tools_Pages" time="0.892" classname="module_pages.VerifyLink"/>
  <testcase name="SLRT_Link" time="0.730" classname="module_pages.VerifyLink"/>
  <testcase name="JWTV_Link" time="0.724" classname="module_pages.VerifyLink"/>
  <testcase name="JWTG_Link" time="1.026" classname="module_pages.VerifyLink"/>
  <testcase name="notification_method" time="6.391" classname="module_pages.VerifyLink"/>
</testsuite> <!-- module_pages.VerifyLink -->
